<?xml version="1.0" encoding="UTF-8"?>
<coverage generated="1747062071485" clover="3.2.0">
  <project timestamp="1747062071485" name="All files">
    <metrics statements="138" coveredstatements="126" conditionals="30" coveredconditionals="24" methods="21" coveredmethods="18" elements="189" coveredelements="168" complexity="0" loc="138" ncloc="138" packages="3" files="5" classes="5"/>
    <package name="IMDB">
      <metrics statements="48" coveredstatements="43" conditionals="10" coveredconditionals="9" methods="8" coveredmethods="7"/>
      <file name="app.js" path="E:\IMDB\app.js">
        <metrics statements="48" coveredstatements="43" conditionals="10" coveredconditionals="9" methods="8" coveredmethods="7"/>
        <line num="1" count="6" type="stmt"/>
        <line num="2" count="6" type="stmt"/>
        <line num="3" count="6" type="stmt"/>
        <line num="4" count="6" type="stmt"/>
        <line num="6" count="6" type="stmt"/>
        <line num="7" count="6" type="stmt"/>
        <line num="9" count="6" type="stmt"/>
        <line num="11" count="6" type="stmt"/>
        <line num="13" count="6" type="cond" truecount="1" falsecount="1"/>
        <line num="15" count="0" type="stmt"/>
        <line num="16" count="0" type="stmt"/>
        <line num="21" count="0" type="stmt"/>
        <line num="22" count="0" type="stmt"/>
        <line num="23" count="0" type="stmt"/>
        <line num="27" count="6" type="stmt"/>
        <line num="28" count="6" type="stmt"/>
        <line num="29" count="6" type="stmt"/>
        <line num="30" count="6" type="stmt"/>
        <line num="32" count="6" type="stmt"/>
        <line num="42" count="6" type="stmt"/>
        <line num="43" count="14" type="cond" truecount="2" falsecount="0"/>
        <line num="44" count="10" type="stmt"/>
        <line num="46" count="4" type="stmt"/>
        <line num="50" count="6" type="stmt"/>
        <line num="51" count="6" type="cond" truecount="2" falsecount="0"/>
        <line num="52" count="2" type="stmt"/>
        <line num="54" count="4" type="stmt"/>
        <line num="58" count="6" type="stmt"/>
        <line num="59" count="3" type="stmt"/>
        <line num="60" count="3" type="stmt"/>
        <line num="61" count="3" type="stmt"/>
        <line num="62" count="3" type="cond" truecount="2" falsecount="0"/>
        <line num="65" count="6" type="stmt"/>
        <line num="66" count="1" type="stmt"/>
        <line num="67" count="1" type="stmt"/>
        <line num="68" count="1" type="stmt"/>
        <line num="69" count="1" type="cond" truecount="2" falsecount="0"/>
        <line num="72" count="6" type="stmt"/>
        <line num="73" count="6" type="stmt"/>
        <line num="74" count="6" type="stmt"/>
        <line num="75" count="4" type="stmt"/>
        <line num="76" count="4" type="stmt"/>
        <line num="79" count="6" type="stmt"/>
        <line num="80" count="6" type="stmt"/>
        <line num="81" count="6" type="stmt"/>
        <line num="83" count="6" type="stmt"/>
        <line num="84" count="4" type="stmt"/>
        <line num="87" count="6" type="stmt"/>
      </file>
    </package>
    <package name="IMDB.controllers">
      <metrics statements="67" coveredstatements="62" conditionals="18" coveredconditionals="13" methods="10" coveredmethods="8"/>
      <file name="filmController.js" path="E:\IMDB\controllers\filmController.js">
        <metrics statements="29" coveredstatements="28" conditionals="6" coveredconditionals="3" methods="6" coveredmethods="6"/>
        <line num="1" count="6" type="stmt"/>
        <line num="2" count="6" type="stmt"/>
        <line num="5" count="6" type="stmt"/>
        <line num="6" count="6" type="stmt"/>
        <line num="7" count="6" type="stmt"/>
        <line num="55" count="6" type="stmt"/>
        <line num="56" count="5" type="cond" truecount="1" falsecount="1"/>
        <line num="57" count="0" type="stmt"/>
        <line num="64" count="6" type="stmt"/>
        <line num="67" count="6" type="stmt"/>
        <line num="68" count="5" type="stmt"/>
        <line num="69" count="5" type="stmt"/>
        <line num="71" count="4" type="cond" truecount="1" falsecount="1"/>
        <line num="72" count="4" type="stmt"/>
        <line num="74" count="1" type="stmt"/>
        <line num="75" count="1" type="stmt"/>
        <line num="80" count="6" type="stmt"/>
        <line num="81" count="2" type="stmt"/>
        <line num="85" count="6" type="stmt"/>
        <line num="86" count="3" type="stmt"/>
        <line num="87" count="3" type="stmt"/>
        <line num="89" count="6" type="stmt"/>
        <line num="90" count="5" type="cond" truecount="1" falsecount="1"/>
        <line num="93" count="3" type="stmt"/>
        <line num="94" count="3" type="stmt"/>
        <line num="96" count="2" type="stmt"/>
        <line num="98" count="1" type="stmt"/>
        <line num="99" count="1" type="stmt"/>
        <line num="105" count="6" type="stmt"/>
      </file>
      <file name="userController.js" path="E:\IMDB\controllers\userController.js">
        <metrics statements="38" coveredstatements="34" conditionals="12" coveredconditionals="10" methods="4" coveredmethods="2"/>
        <line num="1" count="6" type="stmt"/>
        <line num="4" count="6" type="stmt"/>
        <line num="5" count="10" type="stmt"/>
        <line num="6" count="10" type="stmt"/>
        <line num="9" count="10" type="cond" truecount="2" falsecount="0"/>
        <line num="10" count="2" type="stmt"/>
        <line num="17" count="8" type="stmt"/>
        <line num="18" count="7" type="cond" truecount="2" falsecount="0"/>
        <line num="19" count="2" type="stmt"/>
        <line num="26" count="5" type="stmt"/>
        <line num="35" count="5" type="stmt"/>
        <line num="40" count="3" type="stmt"/>
        <line num="47" count="3" type="stmt"/>
        <line num="50" count="3" type="cond" truecount="2" falsecount="0"/>
        <line num="51" count="2" type="stmt"/>
        <line num="52" count="2" type="stmt"/>
        <line num="53" count="4" type="stmt"/>
        <line num="56" count="2" type="stmt"/>
        <line num="63" count="1" type="stmt"/>
        <line num="71" count="6" type="stmt"/>
        <line num="72" count="12" type="stmt"/>
        <line num="73" count="12" type="stmt"/>
        <line num="76" count="12" type="stmt"/>
        <line num="77" count="11" type="cond" truecount="2" falsecount="0"/>
        <line num="78" count="1" type="stmt"/>
        <line num="85" count="10" type="stmt"/>
        <line num="86" count="10" type="cond" truecount="2" falsecount="0"/>
        <line num="87" count="2" type="stmt"/>
        <line num="94" count="8" type="stmt"/>
        <line num="102" count="8" type="stmt"/>
        <line num="103" count="8" type="stmt"/>
        <line num="105" count="1" type="stmt"/>
        <line num="113" count="6" type="stmt"/>
        <line num="114" count="0" type="stmt"/>
        <line num="115" count="0" type="cond" truecount="0" falsecount="2"/>
        <line num="116" count="0" type="stmt"/>
        <line num="118" count="0" type="stmt"/>
        <line num="122" count="6" type="stmt"/>
      </file>
    </package>
    <package name="IMDB.models">
      <metrics statements="23" coveredstatements="21" conditionals="2" coveredconditionals="2" methods="3" coveredmethods="3"/>
      <file name="film.js" path="E:\IMDB\models\film.js">
        <metrics statements="7" coveredstatements="7" conditionals="0" coveredconditionals="0" methods="1" coveredmethods="1"/>
        <line num="1" count="7" type="stmt"/>
        <line num="3" count="7" type="stmt"/>
        <line num="52" count="7" type="stmt"/>
        <line num="53" count="6" type="stmt"/>
        <line num="54" count="6" type="stmt"/>
        <line num="57" count="7" type="stmt"/>
        <line num="59" count="7" type="stmt"/>
      </file>
      <file name="user.js" path="E:\IMDB\models\user.js">
        <metrics statements="16" coveredstatements="14" conditionals="2" coveredconditionals="2" methods="2" coveredmethods="2"/>
        <line num="1" count="8" type="stmt"/>
        <line num="2" count="8" type="stmt"/>
        <line num="4" count="8" type="stmt"/>
        <line num="48" count="8" type="stmt"/>
        <line num="50" count="17" type="cond" truecount="2" falsecount="0"/>
        <line num="52" count="16" type="stmt"/>
        <line num="54" count="16" type="stmt"/>
        <line num="56" count="16" type="stmt"/>
        <line num="57" count="16" type="stmt"/>
        <line num="59" count="0" type="stmt"/>
        <line num="64" count="8" type="stmt"/>
        <line num="65" count="14" type="stmt"/>
        <line num="66" count="14" type="stmt"/>
        <line num="68" count="0" type="stmt"/>
        <line num="72" count="8" type="stmt"/>
        <line num="74" count="8" type="stmt"/>
      </file>
    </package>
  </project>
</coverage>
