{"E:\\IMDB\\app.js": {"path":"E:\\IMDB\\app.js","statementMap":{"0":{"start":{"line":1,"column":16},"end":{"line":1,"column":34}},"1":{"start":{"line":2,"column":17},"end":{"line":2,"column":36}},"2":{"start":{"line":3,"column":16},"end":{"line":3,"column":42}},"3":{"start":{"line":4,"column":12},"end":{"line":4,"column":21}},"4":{"start":{"line":6,"column":23},"end":{"line":6,"column":62}},"5":{"start":{"line":7,"column":23},"end":{"line":7,"column":62}},"6":{"start":{"line":9,"column":12},"end":{"line":9,"column":117}},"7":{"start":{"line":11,"column":0},"end":{"line":24,"column":7}},"8":{"start":{"line":13,"column":8},"end":{"line":17,"column":9}},"9":{"start":{"line":15,"column":12},"end":{"line":15,"column":29}},"10":{"start":{"line":16,"column":12},"end":{"line":16,"column":59}},"11":{"start":{"line":21,"column":8},"end":{"line":21,"column":51}},"12":{"start":{"line":22,"column":8},"end":{"line":22,"column":35}},"13":{"start":{"line":23,"column":8},"end":{"line":23,"column":42}},"14":{"start":{"line":27,"column":0},"end":{"line":27,"column":30}},"15":{"start":{"line":28,"column":0},"end":{"line":28,"column":34}},"16":{"start":{"line":29,"column":0},"end":{"line":29,"column":24}},"17":{"start":{"line":30,"column":0},"end":{"line":30,"column":48}},"18":{"start":{"line":32,"column":0},"end":{"line":40,"column":4}},"19":{"start":{"line":42,"column":20},"end":{"line":48,"column":1}},"20":{"start":{"line":43,"column":2},"end":{"line":47,"column":3}},"21":{"start":{"line":44,"column":4},"end":{"line":44,"column":11}},"22":{"start":{"line":46,"column":4},"end":{"line":46,"column":22}},"23":{"start":{"line":50,"column":22},"end":{"line":56,"column":1}},"24":{"start":{"line":51,"column":2},"end":{"line":55,"column":3}},"25":{"start":{"line":52,"column":4},"end":{"line":52,"column":36}},"26":{"start":{"line":54,"column":4},"end":{"line":54,"column":11}},"27":{"start":{"line":58,"column":0},"end":{"line":63,"column":3}},"28":{"start":{"line":59,"column":4},"end":{"line":59,"column":120}},"29":{"start":{"line":60,"column":4},"end":{"line":60,"column":32}},"30":{"start":{"line":61,"column":4},"end":{"line":61,"column":37}},"31":{"start":{"line":62,"column":4},"end":{"line":62,"column":60}},"32":{"start":{"line":65,"column":0},"end":{"line":70,"column":3}},"33":{"start":{"line":66,"column":4},"end":{"line":66,"column":120}},"34":{"start":{"line":67,"column":4},"end":{"line":67,"column":32}},"35":{"start":{"line":68,"column":4},"end":{"line":68,"column":37}},"36":{"start":{"line":69,"column":4},"end":{"line":69,"column":61}},"37":{"start":{"line":72,"column":0},"end":{"line":72,"column":43}},"38":{"start":{"line":73,"column":0},"end":{"line":73,"column":41}},"39":{"start":{"line":74,"column":0},"end":{"line":77,"column":3}},"40":{"start":{"line":75,"column":4},"end":{"line":75,"column":26}},"41":{"start":{"line":76,"column":4},"end":{"line":76,"column":22}},"42":{"start":{"line":79,"column":0},"end":{"line":79,"column":61}},"43":{"start":{"line":80,"column":0},"end":{"line":80,"column":66}},"44":{"start":{"line":81,"column":0},"end":{"line":81,"column":60}},"45":{"start":{"line":83,"column":0},"end":{"line":85,"column":3}},"46":{"start":{"line":84,"column":4},"end":{"line":84,"column":34}},"47":{"start":{"line":87,"column":0},"end":{"line":87,"column":21}}},"fnMap":{"0":{"name":"(anonymous_0)","decl":{"start":{"line":12,"column":10},"end":{"line":12,"column":11}},"loc":{"start":{"line":12,"column":22},"end":{"line":19,"column":5}},"line":12},"1":{"name":"(anonymous_1)","decl":{"start":{"line":20,"column":11},"end":{"line":20,"column":12}},"loc":{"start":{"line":20,"column":20},"end":{"line":24,"column":5}},"line":20},"2":{"name":"(anonymous_2)","decl":{"start":{"line":42,"column":20},"end":{"line":42,"column":21}},"loc":{"start":{"line":42,"column":40},"end":{"line":48,"column":1}},"line":42},"3":{"name":"(anonymous_3)","decl":{"start":{"line":50,"column":22},"end":{"line":50,"column":23}},"loc":{"start":{"line":50,"column":42},"end":{"line":56,"column":1}},"line":50},"4":{"name":"(anonymous_4)","decl":{"start":{"line":58,"column":28},"end":{"line":58,"column":29}},"loc":{"start":{"line":58,"column":42},"end":{"line":63,"column":1}},"line":58},"5":{"name":"(anonymous_5)","decl":{"start":{"line":65,"column":34},"end":{"line":65,"column":35}},"loc":{"start":{"line":65,"column":48},"end":{"line":70,"column":1}},"line":65},"6":{"name":"(anonymous_6)","decl":{"start":{"line":74,"column":19},"end":{"line":74,"column":20}},"loc":{"start":{"line":74,"column":33},"end":{"line":77,"column":1}},"line":74},"7":{"name":"(anonymous_7)","decl":{"start":{"line":83,"column":8},"end":{"line":83,"column":9}},"loc":{"start":{"line":83,"column":22},"end":{"line":85,"column":1}},"line":83}},"branchMap":{"0":{"loc":{"start":{"line":13,"column":8},"end":{"line":17,"column":9}},"type":"if","locations":[{"start":{"line":13,"column":8},"end":{"line":17,"column":9}},{"start":{},"end":{}}],"line":13},"1":{"loc":{"start":{"line":43,"column":2},"end":{"line":47,"column":3}},"type":"if","locations":[{"start":{"line":43,"column":2},"end":{"line":47,"column":3}},{"start":{"line":45,"column":9},"end":{"line":47,"column":3}}],"line":43},"2":{"loc":{"start":{"line":51,"column":2},"end":{"line":55,"column":3}},"type":"if","locations":[{"start":{"line":51,"column":2},"end":{"line":55,"column":3}},{"start":{"line":53,"column":9},"end":{"line":55,"column":3}}],"line":51},"3":{"loc":{"start":{"line":62,"column":32},"end":{"line":62,"column":56}},"type":"binary-expr","locations":[{"start":{"line":62,"column":32},"end":{"line":62,"column":48}},{"start":{"line":62,"column":52},"end":{"line":62,"column":56}}],"line":62},"4":{"loc":{"start":{"line":69,"column":33},"end":{"line":69,"column":57}},"type":"binary-expr","locations":[{"start":{"line":69,"column":33},"end":{"line":69,"column":49}},{"start":{"line":69,"column":53},"end":{"line":69,"column":57}}],"line":69}},"s":{"0":7,"1":7,"2":7,"3":7,"4":7,"5":7,"6":7,"7":7,"8":7,"9":0,"10":0,"11":0,"12":0,"13":0,"14":7,"15":7,"16":7,"17":7,"18":7,"19":7,"20":18,"21":12,"22":6,"23":7,"24":8,"25":3,"26":5,"27":7,"28":4,"29":4,"30":4,"31":4,"32":7,"33":1,"34":1,"35":1,"36":1,"37":7,"38":7,"39":7,"40":4,"41":4,"42":7,"43":7,"44":7,"45":7,"46":4,"47":7},"f":{"0":7,"1":0,"2":18,"3":8,"4":4,"5":1,"6":4,"7":4},"b":{"0":[0,7],"1":[12,6],"2":[3,5],"3":[4,4],"4":[1,1]},"_coverageSchema":"1a1c01bbd47fc00a2c39e90264f33305004495a9","hash":"6eb23be0b3587bd5711020e3a7837293a44b4b2c"}
,"E:\\IMDB\\controllers\\filmController.js": {"path":"E:\\IMDB\\controllers\\filmController.js","statementMap":{"0":{"start":{"line":1,"column":13},"end":{"line":1,"column":38}},"1":{"start":{"line":2,"column":13},"end":{"line":2,"column":38}},"2":{"start":{"line":4,"column":24},"end":{"line":9,"column":1}},"3":{"start":{"line":5,"column":4},"end":{"line":7,"column":5}},"4":{"start":{"line":6,"column":8},"end":{"line":6,"column":21}},"5":{"start":{"line":8,"column":4},"end":{"line":8,"column":72}},"6":{"start":{"line":11,"column":32},"end":{"line":16,"column":1}},"7":{"start":{"line":12,"column":4},"end":{"line":14,"column":5}},"8":{"start":{"line":13,"column":8},"end":{"line":13,"column":18}},"9":{"start":{"line":15,"column":4},"end":{"line":15,"column":84}},"10":{"start":{"line":15,"column":39},"end":{"line":15,"column":50}},"11":{"start":{"line":15,"column":67},"end":{"line":15,"column":82}},"12":{"start":{"line":18,"column":24},"end":{"line":73,"column":1}},"13":{"start":{"line":19,"column":4},"end":{"line":72,"column":5}},"14":{"start":{"line":20,"column":22},"end":{"line":65,"column":9}},"15":{"start":{"line":67,"column":30},"end":{"line":67,"column":47}},"16":{"start":{"line":68,"column":8},"end":{"line":70,"column":9}},"17":{"start":{"line":69,"column":12},"end":{"line":69,"column":41}},"18":{"start":{"line":75,"column":0},"end":{"line":75,"column":18}},"19":{"start":{"line":77,"column":20},"end":{"line":86,"column":1}},"20":{"start":{"line":78,"column":4},"end":{"line":85,"column":5}},"21":{"start":{"line":79,"column":22},"end":{"line":79,"column":60}},"22":{"start":{"line":80,"column":21},"end":{"line":80,"column":45}},"23":{"start":{"line":81,"column":8},"end":{"line":81,"column":47}},"24":{"start":{"line":83,"column":8},"end":{"line":83,"column":54}},"25":{"start":{"line":84,"column":8},"end":{"line":84,"column":77}},"26":{"start":{"line":88,"column":23},"end":{"line":90,"column":1}},"27":{"start":{"line":89,"column":4},"end":{"line":89,"column":27}},"28":{"start":{"line":92,"column":16},"end":{"line":111,"column":1}},"29":{"start":{"line":93,"column":4},"end":{"line":110,"column":5}},"30":{"start":{"line":94,"column":25},"end":{"line":99,"column":9}},"31":{"start":{"line":101,"column":21},"end":{"line":101,"column":39}},"32":{"start":{"line":102,"column":8},"end":{"line":102,"column":26}},"33":{"start":{"line":104,"column":8},"end":{"line":104,"column":33}},"34":{"start":{"line":106,"column":8},"end":{"line":106,"column":51}},"35":{"start":{"line":107,"column":8},"end":{"line":109,"column":11}},"36":{"start":{"line":113,"column":0},"end":{"line":119,"column":2}}},"fnMap":{"0":{"name":"(anonymous_0)","decl":{"start":{"line":4,"column":24},"end":{"line":4,"column":25}},"loc":{"start":{"line":4,"column":35},"end":{"line":9,"column":1}},"line":4},"1":{"name":"(anonymous_1)","decl":{"start":{"line":11,"column":32},"end":{"line":11,"column":33}},"loc":{"start":{"line":11,"column":42},"end":{"line":16,"column":1}},"line":11},"2":{"name":"(anonymous_2)","decl":{"start":{"line":15,"column":31},"end":{"line":15,"column":32}},"loc":{"start":{"line":15,"column":39},"end":{"line":15,"column":50}},"line":15},"3":{"name":"(anonymous_3)","decl":{"start":{"line":15,"column":59},"end":{"line":15,"column":60}},"loc":{"start":{"line":15,"column":67},"end":{"line":15,"column":82}},"line":15},"4":{"name":"(anonymous_4)","decl":{"start":{"line":18,"column":24},"end":{"line":18,"column":25}},"loc":{"start":{"line":18,"column":36},"end":{"line":73,"column":1}},"line":18},"5":{"name":"(anonymous_5)","decl":{"start":{"line":77,"column":20},"end":{"line":77,"column":21}},"loc":{"start":{"line":77,"column":40},"end":{"line":86,"column":1}},"line":77},"6":{"name":"(anonymous_6)","decl":{"start":{"line":88,"column":23},"end":{"line":88,"column":24}},"loc":{"start":{"line":88,"column":37},"end":{"line":90,"column":1}},"line":88},"7":{"name":"(anonymous_7)","decl":{"start":{"line":92,"column":16},"end":{"line":92,"column":17}},"loc":{"start":{"line":92,"column":36},"end":{"line":111,"column":1}},"line":92}},"branchMap":{"0":{"loc":{"start":{"line":5,"column":4},"end":{"line":7,"column":5}},"type":"if","locations":[{"start":{"line":5,"column":4},"end":{"line":7,"column":5}},{"start":{},"end":{}}],"line":5},"1":{"loc":{"start":{"line":5,"column":8},"end":{"line":5,"column":65}},"type":"binary-expr","locations":[{"start":{"line":5,"column":8},"end":{"line":5,"column":14}},{"start":{"line":5,"column":18},"end":{"line":5,"column":43}},{"start":{"line":5,"column":47},"end":{"line":5,"column":65}}],"line":5},"2":{"loc":{"start":{"line":12,"column":4},"end":{"line":14,"column":5}},"type":"if","locations":[{"start":{"line":12,"column":4},"end":{"line":14,"column":5}},{"start":{},"end":{}}],"line":12},"3":{"loc":{"start":{"line":12,"column":8},"end":{"line":12,"column":41}},"type":"binary-expr","locations":[{"start":{"line":12,"column":8},"end":{"line":12,"column":13}},{"start":{"line":12,"column":17},"end":{"line":12,"column":41}}],"line":12},"4":{"loc":{"start":{"line":68,"column":8},"end":{"line":70,"column":9}},"type":"if","locations":[{"start":{"line":68,"column":8},"end":{"line":70,"column":9}},{"start":{},"end":{}}],"line":68},"5":{"loc":{"start":{"line":80,"column":21},"end":{"line":80,"column":45}},"type":"binary-expr","locations":[{"start":{"line":80,"column":21},"end":{"line":80,"column":37}},{"start":{"line":80,"column":41},"end":{"line":80,"column":45}}],"line":80}},"s":{"0":7,"1":7,"2":7,"3":15,"4":3,"5":12,"6":7,"7":15,"8":5,"9":10,"10":24,"11":24,"12":7,"13":7,"14":7,"15":7,"16":6,"17":0,"18":7,"19":7,"20":7,"21":7,"22":6,"23":6,"24":1,"25":1,"26":7,"27":2,"28":7,"29":3,"30":3,"31":3,"32":3,"33":2,"34":1,"35":1,"36":7},"f":{"0":15,"1":15,"2":24,"3":24,"4":7,"5":7,"6":2,"7":3},"b":{"0":[3,12],"1":[15,12,12],"2":[5,10],"3":[15,10],"4":[0,6],"5":[6,0]},"_coverageSchema":"1a1c01bbd47fc00a2c39e90264f33305004495a9","hash":"03546076b786fa49cc7851109728ac8730d53a10"}
,"E:\\IMDB\\controllers\\userController.js": {"path":"E:\\IMDB\\controllers\\userController.js","statementMap":{"0":{"start":{"line":1,"column":13},"end":{"line":1,"column":38}},"1":{"start":{"line":3,"column":15},"end":{"line":62,"column":1}},"2":{"start":{"line":4,"column":4},"end":{"line":61,"column":5}},"3":{"start":{"line":5,"column":90},"end":{"line":5,"column":98}},"4":{"start":{"line":7,"column":8},"end":{"line":12,"column":9}},"5":{"start":{"line":8,"column":12},"end":{"line":11,"column":15}},"6":{"start":{"line":14,"column":29},"end":{"line":14,"column":58}},"7":{"start":{"line":15,"column":8},"end":{"line":20,"column":9}},"8":{"start":{"line":16,"column":12},"end":{"line":19,"column":15}},"9":{"start":{"line":22,"column":21},"end":{"line":29,"column":10}},"10":{"start":{"line":31,"column":8},"end":{"line":31,"column":26}},"11":{"start":{"line":35,"column":8},"end":{"line":40,"column":10}},"12":{"start":{"line":42,"column":8},"end":{"line":42,"column":26}},"13":{"start":{"line":44,"column":8},"end":{"line":55,"column":9}},"14":{"start":{"line":45,"column":37},"end":{"line":45,"column":39}},"15":{"start":{"line":46,"column":12},"end":{"line":48,"column":13}},"16":{"start":{"line":47,"column":16},"end":{"line":47,"column":70}},"17":{"start":{"line":50,"column":12},"end":{"line":54,"column":15}},"18":{"start":{"line":57,"column":8},"end":{"line":60,"column":11}},"19":{"start":{"line":64,"column":14},"end":{"line":100,"column":1}},"20":{"start":{"line":65,"column":4},"end":{"line":99,"column":5}},"21":{"start":{"line":66,"column":36},"end":{"line":66,"column":44}},"22":{"start":{"line":68,"column":21},"end":{"line":68,"column":50}},"23":{"start":{"line":69,"column":8},"end":{"line":74,"column":9}},"24":{"start":{"line":70,"column":12},"end":{"line":73,"column":15}},"25":{"start":{"line":76,"column":24},"end":{"line":76,"column":60}},"26":{"start":{"line":77,"column":8},"end":{"line":82,"column":9}},"27":{"start":{"line":78,"column":12},"end":{"line":81,"column":15}},"28":{"start":{"line":84,"column":8},"end":{"line":89,"column":10}},"29":{"start":{"line":92,"column":8},"end":{"line":92,"column":38}},"30":{"start":{"line":93,"column":8},"end":{"line":93,"column":33}},"31":{"start":{"line":95,"column":8},"end":{"line":98,"column":11}},"32":{"start":{"line":102,"column":15},"end":{"line":109,"column":1}},"33":{"start":{"line":103,"column":4},"end":{"line":108,"column":7}},"34":{"start":{"line":104,"column":8},"end":{"line":106,"column":9}},"35":{"start":{"line":105,"column":12},"end":{"line":105,"column":61}},"36":{"start":{"line":107,"column":8},"end":{"line":107,"column":26}},"37":{"start":{"line":111,"column":0},"end":{"line":115,"column":2}}},"fnMap":{"0":{"name":"(anonymous_0)","decl":{"start":{"line":3,"column":15},"end":{"line":3,"column":16}},"loc":{"start":{"line":3,"column":35},"end":{"line":62,"column":1}},"line":3},"1":{"name":"(anonymous_1)","decl":{"start":{"line":64,"column":14},"end":{"line":64,"column":15}},"loc":{"start":{"line":64,"column":34},"end":{"line":100,"column":1}},"line":64},"2":{"name":"(anonymous_2)","decl":{"start":{"line":102,"column":15},"end":{"line":102,"column":16}},"loc":{"start":{"line":102,"column":29},"end":{"line":109,"column":1}},"line":102},"3":{"name":"(anonymous_3)","decl":{"start":{"line":103,"column":24},"end":{"line":103,"column":25}},"loc":{"start":{"line":103,"column":33},"end":{"line":108,"column":5}},"line":103}},"branchMap":{"0":{"loc":{"start":{"line":7,"column":8},"end":{"line":12,"column":9}},"type":"if","locations":[{"start":{"line":7,"column":8},"end":{"line":12,"column":9}},{"start":{},"end":{}}],"line":7},"1":{"loc":{"start":{"line":15,"column":8},"end":{"line":20,"column":9}},"type":"if","locations":[{"start":{"line":15,"column":8},"end":{"line":20,"column":9}},{"start":{},"end":{}}],"line":15},"2":{"loc":{"start":{"line":44,"column":8},"end":{"line":55,"column":9}},"type":"if","locations":[{"start":{"line":44,"column":8},"end":{"line":55,"column":9}},{"start":{},"end":{}}],"line":44},"3":{"loc":{"start":{"line":69,"column":8},"end":{"line":74,"column":9}},"type":"if","locations":[{"start":{"line":69,"column":8},"end":{"line":74,"column":9}},{"start":{},"end":{}}],"line":69},"4":{"loc":{"start":{"line":77,"column":8},"end":{"line":82,"column":9}},"type":"if","locations":[{"start":{"line":77,"column":8},"end":{"line":82,"column":9}},{"start":{},"end":{}}],"line":77},"5":{"loc":{"start":{"line":104,"column":8},"end":{"line":106,"column":9}},"type":"if","locations":[{"start":{"line":104,"column":8},"end":{"line":106,"column":9}},{"start":{},"end":{}}],"line":104}},"s":{"0":7,"1":7,"2":9,"3":9,"4":9,"5":2,"6":7,"7":6,"8":1,"9":5,"10":5,"11":3,"12":3,"13":3,"14":2,"15":2,"16":4,"17":2,"18":1,"19":7,"20":14,"21":14,"22":14,"23":13,"24":1,"25":12,"26":12,"27":2,"28":10,"29":10,"30":10,"31":1,"32":7,"33":0,"34":0,"35":0,"36":0,"37":7},"f":{"0":9,"1":14,"2":0,"3":0},"b":{"0":[2,7],"1":[1,5],"2":[2,1],"3":[1,12],"4":[2,10],"5":[0,0]},"_coverageSchema":"1a1c01bbd47fc00a2c39e90264f33305004495a9","hash":"afabc0c637ab3e3e01e8d9d8739ea89198dbb7eb"}
,"E:\\IMDB\\models\\film.js": {"path":"E:\\IMDB\\models\\film.js","statementMap":{"0":{"start":{"line":1,"column":17},"end":{"line":1,"column":36}},"1":{"start":{"line":3,"column":19},"end":{"line":50,"column":2}},"2":{"start":{"line":52,"column":0},"end":{"line":55,"column":3}},"3":{"start":{"line":53,"column":4},"end":{"line":53,"column":32}},"4":{"start":{"line":54,"column":4},"end":{"line":54,"column":11}},"5":{"start":{"line":57,"column":13},"end":{"line":57,"column":47}},"6":{"start":{"line":59,"column":0},"end":{"line":59,"column":22}}},"fnMap":{"0":{"name":"(anonymous_0)","decl":{"start":{"line":52,"column":23},"end":{"line":52,"column":24}},"loc":{"start":{"line":52,"column":38},"end":{"line":55,"column":1}},"line":52}},"branchMap":{},"s":{"0":8,"1":8,"2":8,"3":6,"4":6,"5":8,"6":8},"f":{"0":6},"b":{},"_coverageSchema":"1a1c01bbd47fc00a2c39e90264f33305004495a9","hash":"bf7459fc952d46c1f5936b2a93ee3892258e44ec"}
,"E:\\IMDB\\models\\user.js": {"path":"E:\\IMDB\\models\\user.js","statementMap":{"0":{"start":{"line":1,"column":17},"end":{"line":1,"column":36}},"1":{"start":{"line":2,"column":15},"end":{"line":2,"column":32}},"2":{"start":{"line":4,"column":19},"end":{"line":45,"column":2}},"3":{"start":{"line":47,"column":0},"end":{"line":57,"column":3}},"4":{"start":{"line":48,"column":4},"end":{"line":48,"column":52}},"5":{"start":{"line":48,"column":38},"end":{"line":48,"column":52}},"6":{"start":{"line":50,"column":4},"end":{"line":56,"column":5}},"7":{"start":{"line":51,"column":21},"end":{"line":51,"column":45}},"8":{"start":{"line":52,"column":8},"end":{"line":52,"column":63}},"9":{"start":{"line":53,"column":8},"end":{"line":53,"column":15}},"10":{"start":{"line":55,"column":8},"end":{"line":55,"column":20}},"11":{"start":{"line":59,"column":0},"end":{"line":65,"column":2}},"12":{"start":{"line":60,"column":4},"end":{"line":64,"column":5}},"13":{"start":{"line":61,"column":8},"end":{"line":61,"column":70}},"14":{"start":{"line":63,"column":8},"end":{"line":63,"column":20}},"15":{"start":{"line":67,"column":13},"end":{"line":67,"column":47}},"16":{"start":{"line":69,"column":0},"end":{"line":69,"column":22}}},"fnMap":{"0":{"name":"(anonymous_0)","decl":{"start":{"line":47,"column":23},"end":{"line":47,"column":24}},"loc":{"start":{"line":47,"column":44},"end":{"line":57,"column":1}},"line":47},"1":{"name":"(anonymous_1)","decl":{"start":{"line":59,"column":37},"end":{"line":59,"column":38}},"loc":{"start":{"line":59,"column":71},"end":{"line":65,"column":1}},"line":59}},"branchMap":{"0":{"loc":{"start":{"line":48,"column":4},"end":{"line":48,"column":52}},"type":"if","locations":[{"start":{"line":48,"column":4},"end":{"line":48,"column":52}},{"start":{},"end":{}}],"line":48}},"s":{"0":8,"1":8,"2":8,"3":8,"4":17,"5":1,"6":16,"7":16,"8":16,"9":16,"10":0,"11":8,"12":16,"13":16,"14":0,"15":8,"16":8},"f":{"0":17,"1":16},"b":{"0":[1,16]},"_coverageSchema":"1a1c01bbd47fc00a2c39e90264f33305004495a9","hash":"bd5ef2900cae551f466f41a605fbafb492c8fe31"}
}
