{"E:\\IMDB\\app.js": {"path":"E:\\IMDB\\app.js","statementMap":{"0":{"start":{"line":1,"column":16},"end":{"line":1,"column":34}},"1":{"start":{"line":2,"column":17},"end":{"line":2,"column":36}},"2":{"start":{"line":3,"column":16},"end":{"line":3,"column":42}},"3":{"start":{"line":4,"column":12},"end":{"line":4,"column":21}},"4":{"start":{"line":6,"column":23},"end":{"line":6,"column":62}},"5":{"start":{"line":7,"column":23},"end":{"line":7,"column":62}},"6":{"start":{"line":9,"column":12},"end":{"line":9,"column":117}},"7":{"start":{"line":11,"column":0},"end":{"line":24,"column":7}},"8":{"start":{"line":13,"column":8},"end":{"line":17,"column":9}},"9":{"start":{"line":15,"column":12},"end":{"line":15,"column":29}},"10":{"start":{"line":16,"column":12},"end":{"line":16,"column":59}},"11":{"start":{"line":21,"column":8},"end":{"line":21,"column":51}},"12":{"start":{"line":22,"column":8},"end":{"line":22,"column":35}},"13":{"start":{"line":23,"column":8},"end":{"line":23,"column":42}},"14":{"start":{"line":27,"column":0},"end":{"line":27,"column":30}},"15":{"start":{"line":28,"column":0},"end":{"line":28,"column":34}},"16":{"start":{"line":29,"column":0},"end":{"line":29,"column":24}},"17":{"start":{"line":30,"column":0},"end":{"line":30,"column":48}},"18":{"start":{"line":32,"column":0},"end":{"line":40,"column":4}},"19":{"start":{"line":42,"column":20},"end":{"line":48,"column":1}},"20":{"start":{"line":43,"column":2},"end":{"line":47,"column":3}},"21":{"start":{"line":44,"column":4},"end":{"line":44,"column":11}},"22":{"start":{"line":46,"column":4},"end":{"line":46,"column":22}},"23":{"start":{"line":50,"column":22},"end":{"line":56,"column":1}},"24":{"start":{"line":51,"column":2},"end":{"line":55,"column":3}},"25":{"start":{"line":52,"column":4},"end":{"line":52,"column":36}},"26":{"start":{"line":54,"column":4},"end":{"line":54,"column":11}},"27":{"start":{"line":58,"column":0},"end":{"line":63,"column":3}},"28":{"start":{"line":59,"column":4},"end":{"line":59,"column":120}},"29":{"start":{"line":60,"column":4},"end":{"line":60,"column":32}},"30":{"start":{"line":61,"column":4},"end":{"line":61,"column":37}},"31":{"start":{"line":62,"column":4},"end":{"line":62,"column":60}},"32":{"start":{"line":65,"column":0},"end":{"line":70,"column":3}},"33":{"start":{"line":66,"column":4},"end":{"line":66,"column":120}},"34":{"start":{"line":67,"column":4},"end":{"line":67,"column":32}},"35":{"start":{"line":68,"column":4},"end":{"line":68,"column":37}},"36":{"start":{"line":69,"column":4},"end":{"line":69,"column":61}},"37":{"start":{"line":72,"column":0},"end":{"line":72,"column":43}},"38":{"start":{"line":73,"column":0},"end":{"line":73,"column":41}},"39":{"start":{"line":74,"column":0},"end":{"line":77,"column":3}},"40":{"start":{"line":75,"column":4},"end":{"line":75,"column":26}},"41":{"start":{"line":76,"column":4},"end":{"line":76,"column":22}},"42":{"start":{"line":79,"column":0},"end":{"line":79,"column":61}},"43":{"start":{"line":80,"column":0},"end":{"line":80,"column":66}},"44":{"start":{"line":81,"column":0},"end":{"line":81,"column":60}},"45":{"start":{"line":83,"column":0},"end":{"line":85,"column":3}},"46":{"start":{"line":84,"column":4},"end":{"line":84,"column":34}},"47":{"start":{"line":87,"column":0},"end":{"line":87,"column":21}}},"fnMap":{"0":{"name":"(anonymous_0)","decl":{"start":{"line":12,"column":10},"end":{"line":12,"column":11}},"loc":{"start":{"line":12,"column":22},"end":{"line":19,"column":5}},"line":12},"1":{"name":"(anonymous_1)","decl":{"start":{"line":20,"column":11},"end":{"line":20,"column":12}},"loc":{"start":{"line":20,"column":20},"end":{"line":24,"column":5}},"line":20},"2":{"name":"(anonymous_2)","decl":{"start":{"line":42,"column":20},"end":{"line":42,"column":21}},"loc":{"start":{"line":42,"column":40},"end":{"line":48,"column":1}},"line":42},"3":{"name":"(anonymous_3)","decl":{"start":{"line":50,"column":22},"end":{"line":50,"column":23}},"loc":{"start":{"line":50,"column":42},"end":{"line":56,"column":1}},"line":50},"4":{"name":"(anonymous_4)","decl":{"start":{"line":58,"column":28},"end":{"line":58,"column":29}},"loc":{"start":{"line":58,"column":42},"end":{"line":63,"column":1}},"line":58},"5":{"name":"(anonymous_5)","decl":{"start":{"line":65,"column":34},"end":{"line":65,"column":35}},"loc":{"start":{"line":65,"column":48},"end":{"line":70,"column":1}},"line":65},"6":{"name":"(anonymous_6)","decl":{"start":{"line":74,"column":19},"end":{"line":74,"column":20}},"loc":{"start":{"line":74,"column":33},"end":{"line":77,"column":1}},"line":74},"7":{"name":"(anonymous_7)","decl":{"start":{"line":83,"column":8},"end":{"line":83,"column":9}},"loc":{"start":{"line":83,"column":22},"end":{"line":85,"column":1}},"line":83}},"branchMap":{"0":{"loc":{"start":{"line":13,"column":8},"end":{"line":17,"column":9}},"type":"if","locations":[{"start":{"line":13,"column":8},"end":{"line":17,"column":9}},{"start":{},"end":{}}],"line":13},"1":{"loc":{"start":{"line":43,"column":2},"end":{"line":47,"column":3}},"type":"if","locations":[{"start":{"line":43,"column":2},"end":{"line":47,"column":3}},{"start":{"line":45,"column":9},"end":{"line":47,"column":3}}],"line":43},"2":{"loc":{"start":{"line":51,"column":2},"end":{"line":55,"column":3}},"type":"if","locations":[{"start":{"line":51,"column":2},"end":{"line":55,"column":3}},{"start":{"line":53,"column":9},"end":{"line":55,"column":3}}],"line":51},"3":{"loc":{"start":{"line":62,"column":32},"end":{"line":62,"column":56}},"type":"binary-expr","locations":[{"start":{"line":62,"column":32},"end":{"line":62,"column":48}},{"start":{"line":62,"column":52},"end":{"line":62,"column":56}}],"line":62},"4":{"loc":{"start":{"line":69,"column":33},"end":{"line":69,"column":57}},"type":"binary-expr","locations":[{"start":{"line":69,"column":33},"end":{"line":69,"column":49}},{"start":{"line":69,"column":53},"end":{"line":69,"column":57}}],"line":69}},"s":{"0":6,"1":6,"2":6,"3":6,"4":6,"5":6,"6":6,"7":6,"8":6,"9":0,"10":0,"11":0,"12":0,"13":0,"14":6,"15":6,"16":6,"17":6,"18":6,"19":6,"20":14,"21":10,"22":4,"23":6,"24":6,"25":2,"26":4,"27":6,"28":3,"29":3,"30":3,"31":3,"32":6,"33":1,"34":1,"35":1,"36":1,"37":6,"38":6,"39":6,"40":4,"41":4,"42":6,"43":6,"44":6,"45":6,"46":4,"47":6},"f":{"0":6,"1":0,"2":14,"3":6,"4":3,"5":1,"6":4,"7":4},"b":{"0":[0,6],"1":[10,4],"2":[2,4],"3":[3,3],"4":[1,1]},"_coverageSchema":"1a1c01bbd47fc00a2c39e90264f33305004495a9","hash":"6eb23be0b3587bd5711020e3a7837293a44b4b2c"}
,"E:\\IMDB\\controllers\\filmController.js": {"path":"E:\\IMDB\\controllers\\filmController.js","statementMap":{"0":{"start":{"line":1,"column":13},"end":{"line":1,"column":38}},"1":{"start":{"line":2,"column":13},"end":{"line":2,"column":38}},"2":{"start":{"line":5,"column":24},"end":{"line":61,"column":1}},"3":{"start":{"line":6,"column":4},"end":{"line":60,"column":5}},"4":{"start":{"line":7,"column":22},"end":{"line":52,"column":9}},"5":{"start":{"line":55,"column":30},"end":{"line":55,"column":47}},"6":{"start":{"line":56,"column":8},"end":{"line":58,"column":9}},"7":{"start":{"line":57,"column":12},"end":{"line":57,"column":41}},"8":{"start":{"line":64,"column":0},"end":{"line":64,"column":18}},"9":{"start":{"line":67,"column":20},"end":{"line":77,"column":1}},"10":{"start":{"line":68,"column":4},"end":{"line":76,"column":5}},"11":{"start":{"line":69,"column":22},"end":{"line":69,"column":60}},"12":{"start":{"line":71,"column":21},"end":{"line":71,"column":45}},"13":{"start":{"line":72,"column":8},"end":{"line":72,"column":47}},"14":{"start":{"line":74,"column":8},"end":{"line":74,"column":54}},"15":{"start":{"line":75,"column":8},"end":{"line":75,"column":77}},"16":{"start":{"line":80,"column":23},"end":{"line":82,"column":1}},"17":{"start":{"line":81,"column":4},"end":{"line":81,"column":27}},"18":{"start":{"line":85,"column":16},"end":{"line":103,"column":1}},"19":{"start":{"line":86,"column":4},"end":{"line":102,"column":5}},"20":{"start":{"line":87,"column":25},"end":{"line":91,"column":9}},"21":{"start":{"line":89,"column":54},"end":{"line":89,"column":62}},"22":{"start":{"line":90,"column":68},"end":{"line":90,"column":76}},"23":{"start":{"line":93,"column":21},"end":{"line":93,"column":39}},"24":{"start":{"line":94,"column":8},"end":{"line":94,"column":26}},"25":{"start":{"line":96,"column":8},"end":{"line":96,"column":33}},"26":{"start":{"line":98,"column":8},"end":{"line":98,"column":51}},"27":{"start":{"line":99,"column":8},"end":{"line":101,"column":11}},"28":{"start":{"line":105,"column":0},"end":{"line":109,"column":2}}},"fnMap":{"0":{"name":"(anonymous_0)","decl":{"start":{"line":5,"column":24},"end":{"line":5,"column":25}},"loc":{"start":{"line":5,"column":36},"end":{"line":61,"column":1}},"line":5},"1":{"name":"(anonymous_1)","decl":{"start":{"line":67,"column":20},"end":{"line":67,"column":21}},"loc":{"start":{"line":67,"column":40},"end":{"line":77,"column":1}},"line":67},"2":{"name":"(anonymous_2)","decl":{"start":{"line":80,"column":23},"end":{"line":80,"column":24}},"loc":{"start":{"line":80,"column":37},"end":{"line":82,"column":1}},"line":80},"3":{"name":"(anonymous_3)","decl":{"start":{"line":85,"column":16},"end":{"line":85,"column":17}},"loc":{"start":{"line":85,"column":36},"end":{"line":103,"column":1}},"line":85},"4":{"name":"(anonymous_4)","decl":{"start":{"line":89,"column":49},"end":{"line":89,"column":50}},"loc":{"start":{"line":89,"column":54},"end":{"line":89,"column":62}},"line":89},"5":{"name":"(anonymous_5)","decl":{"start":{"line":90,"column":63},"end":{"line":90,"column":64}},"loc":{"start":{"line":90,"column":68},"end":{"line":90,"column":76}},"line":90}},"branchMap":{"0":{"loc":{"start":{"line":56,"column":8},"end":{"line":58,"column":9}},"type":"if","locations":[{"start":{"line":56,"column":8},"end":{"line":58,"column":9}},{"start":{},"end":{}}],"line":56},"1":{"loc":{"start":{"line":71,"column":21},"end":{"line":71,"column":45}},"type":"binary-expr","locations":[{"start":{"line":71,"column":21},"end":{"line":71,"column":37}},{"start":{"line":71,"column":41},"end":{"line":71,"column":45}}],"line":71},"2":{"loc":{"start":{"line":90,"column":18},"end":{"line":90,"column":82}},"type":"cond-expr","locations":[{"start":{"line":90,"column":34},"end":{"line":90,"column":77}},{"start":{"line":90,"column":80},"end":{"line":90,"column":82}}],"line":90}},"s":{"0":6,"1":6,"2":6,"3":6,"4":6,"5":6,"6":5,"7":0,"8":6,"9":6,"10":5,"11":5,"12":4,"13":4,"14":1,"15":1,"16":6,"17":2,"18":6,"19":3,"20":3,"21":6,"22":5,"23":3,"24":3,"25":2,"26":1,"27":1,"28":6},"f":{"0":6,"1":5,"2":2,"3":3,"4":6,"5":5},"b":{"0":[0,5],"1":[4,0],"2":[3,0]},"_coverageSchema":"1a1c01bbd47fc00a2c39e90264f33305004495a9","hash":"b0a81d28da99ae7ed931316a4f940b8d0f00ad17"}
,"E:\\IMDB\\controllers\\userController.js": {"path":"E:\\IMDB\\controllers\\userController.js","statementMap":{"0":{"start":{"line":1,"column":13},"end":{"line":1,"column":38}},"1":{"start":{"line":4,"column":15},"end":{"line":68,"column":1}},"2":{"start":{"line":5,"column":4},"end":{"line":67,"column":5}},"3":{"start":{"line":6,"column":90},"end":{"line":6,"column":98}},"4":{"start":{"line":9,"column":8},"end":{"line":14,"column":9}},"5":{"start":{"line":10,"column":12},"end":{"line":13,"column":15}},"6":{"start":{"line":17,"column":29},"end":{"line":17,"column":58}},"7":{"start":{"line":18,"column":8},"end":{"line":23,"column":9}},"8":{"start":{"line":19,"column":12},"end":{"line":22,"column":15}},"9":{"start":{"line":26,"column":21},"end":{"line":33,"column":10}},"10":{"start":{"line":35,"column":8},"end":{"line":35,"column":26}},"11":{"start":{"line":40,"column":8},"end":{"line":45,"column":10}},"12":{"start":{"line":47,"column":8},"end":{"line":47,"column":26}},"13":{"start":{"line":50,"column":8},"end":{"line":61,"column":9}},"14":{"start":{"line":51,"column":37},"end":{"line":51,"column":39}},"15":{"start":{"line":52,"column":12},"end":{"line":54,"column":13}},"16":{"start":{"line":53,"column":16},"end":{"line":53,"column":70}},"17":{"start":{"line":56,"column":12},"end":{"line":60,"column":15}},"18":{"start":{"line":63,"column":8},"end":{"line":66,"column":11}},"19":{"start":{"line":71,"column":14},"end":{"line":110,"column":1}},"20":{"start":{"line":72,"column":4},"end":{"line":109,"column":5}},"21":{"start":{"line":73,"column":36},"end":{"line":73,"column":44}},"22":{"start":{"line":76,"column":21},"end":{"line":76,"column":50}},"23":{"start":{"line":77,"column":8},"end":{"line":82,"column":9}},"24":{"start":{"line":78,"column":12},"end":{"line":81,"column":15}},"25":{"start":{"line":85,"column":24},"end":{"line":85,"column":60}},"26":{"start":{"line":86,"column":8},"end":{"line":91,"column":9}},"27":{"start":{"line":87,"column":12},"end":{"line":90,"column":15}},"28":{"start":{"line":94,"column":8},"end":{"line":99,"column":10}},"29":{"start":{"line":102,"column":8},"end":{"line":102,"column":38}},"30":{"start":{"line":103,"column":8},"end":{"line":103,"column":33}},"31":{"start":{"line":105,"column":8},"end":{"line":108,"column":11}},"32":{"start":{"line":113,"column":15},"end":{"line":120,"column":1}},"33":{"start":{"line":114,"column":4},"end":{"line":119,"column":7}},"34":{"start":{"line":115,"column":8},"end":{"line":117,"column":9}},"35":{"start":{"line":116,"column":12},"end":{"line":116,"column":61}},"36":{"start":{"line":118,"column":8},"end":{"line":118,"column":26}},"37":{"start":{"line":122,"column":0},"end":{"line":126,"column":2}}},"fnMap":{"0":{"name":"(anonymous_0)","decl":{"start":{"line":4,"column":15},"end":{"line":4,"column":16}},"loc":{"start":{"line":4,"column":35},"end":{"line":68,"column":1}},"line":4},"1":{"name":"(anonymous_1)","decl":{"start":{"line":71,"column":14},"end":{"line":71,"column":15}},"loc":{"start":{"line":71,"column":34},"end":{"line":110,"column":1}},"line":71},"2":{"name":"(anonymous_2)","decl":{"start":{"line":113,"column":15},"end":{"line":113,"column":16}},"loc":{"start":{"line":113,"column":29},"end":{"line":120,"column":1}},"line":113},"3":{"name":"(anonymous_3)","decl":{"start":{"line":114,"column":24},"end":{"line":114,"column":25}},"loc":{"start":{"line":114,"column":33},"end":{"line":119,"column":5}},"line":114}},"branchMap":{"0":{"loc":{"start":{"line":9,"column":8},"end":{"line":14,"column":9}},"type":"if","locations":[{"start":{"line":9,"column":8},"end":{"line":14,"column":9}},{"start":{},"end":{}}],"line":9},"1":{"loc":{"start":{"line":18,"column":8},"end":{"line":23,"column":9}},"type":"if","locations":[{"start":{"line":18,"column":8},"end":{"line":23,"column":9}},{"start":{},"end":{}}],"line":18},"2":{"loc":{"start":{"line":50,"column":8},"end":{"line":61,"column":9}},"type":"if","locations":[{"start":{"line":50,"column":8},"end":{"line":61,"column":9}},{"start":{},"end":{}}],"line":50},"3":{"loc":{"start":{"line":77,"column":8},"end":{"line":82,"column":9}},"type":"if","locations":[{"start":{"line":77,"column":8},"end":{"line":82,"column":9}},{"start":{},"end":{}}],"line":77},"4":{"loc":{"start":{"line":86,"column":8},"end":{"line":91,"column":9}},"type":"if","locations":[{"start":{"line":86,"column":8},"end":{"line":91,"column":9}},{"start":{},"end":{}}],"line":86},"5":{"loc":{"start":{"line":115,"column":8},"end":{"line":117,"column":9}},"type":"if","locations":[{"start":{"line":115,"column":8},"end":{"line":117,"column":9}},{"start":{},"end":{}}],"line":115}},"s":{"0":6,"1":6,"2":9,"3":9,"4":9,"5":2,"6":7,"7":6,"8":1,"9":5,"10":5,"11":3,"12":3,"13":3,"14":2,"15":2,"16":4,"17":2,"18":1,"19":6,"20":12,"21":12,"22":12,"23":11,"24":1,"25":10,"26":10,"27":2,"28":8,"29":8,"30":8,"31":1,"32":6,"33":0,"34":0,"35":0,"36":0,"37":6},"f":{"0":9,"1":12,"2":0,"3":0},"b":{"0":[2,7],"1":[1,5],"2":[2,1],"3":[1,10],"4":[2,8],"5":[0,0]},"_coverageSchema":"1a1c01bbd47fc00a2c39e90264f33305004495a9","hash":"3330bdfa0d0a45e33f62c41f1dd62eff591759b8"}
,"E:\\IMDB\\models\\film.js": {"path":"E:\\IMDB\\models\\film.js","statementMap":{"0":{"start":{"line":1,"column":17},"end":{"line":1,"column":36}},"1":{"start":{"line":3,"column":19},"end":{"line":49,"column":2}},"2":{"start":{"line":52,"column":0},"end":{"line":55,"column":3}},"3":{"start":{"line":53,"column":4},"end":{"line":53,"column":32}},"4":{"start":{"line":54,"column":4},"end":{"line":54,"column":11}},"5":{"start":{"line":57,"column":13},"end":{"line":57,"column":47}},"6":{"start":{"line":59,"column":0},"end":{"line":59,"column":22}}},"fnMap":{"0":{"name":"(anonymous_0)","decl":{"start":{"line":52,"column":23},"end":{"line":52,"column":24}},"loc":{"start":{"line":52,"column":38},"end":{"line":55,"column":1}},"line":52}},"branchMap":{},"s":{"0":7,"1":7,"2":7,"3":6,"4":6,"5":7,"6":7},"f":{"0":6},"b":{},"_coverageSchema":"1a1c01bbd47fc00a2c39e90264f33305004495a9","hash":"8d17f3d11d79b8d4511395b9d9d7b69840f88eaa"}
,"E:\\IMDB\\models\\user.js": {"path":"E:\\IMDB\\models\\user.js","statementMap":{"0":{"start":{"line":1,"column":17},"end":{"line":1,"column":36}},"1":{"start":{"line":2,"column":15},"end":{"line":2,"column":32}},"2":{"start":{"line":4,"column":19},"end":{"line":45,"column":2}},"3":{"start":{"line":48,"column":0},"end":{"line":61,"column":3}},"4":{"start":{"line":50,"column":4},"end":{"line":50,"column":52}},"5":{"start":{"line":50,"column":38},"end":{"line":50,"column":52}},"6":{"start":{"line":52,"column":4},"end":{"line":60,"column":5}},"7":{"start":{"line":54,"column":21},"end":{"line":54,"column":45}},"8":{"start":{"line":56,"column":8},"end":{"line":56,"column":63}},"9":{"start":{"line":57,"column":8},"end":{"line":57,"column":15}},"10":{"start":{"line":59,"column":8},"end":{"line":59,"column":20}},"11":{"start":{"line":64,"column":0},"end":{"line":70,"column":2}},"12":{"start":{"line":65,"column":4},"end":{"line":69,"column":5}},"13":{"start":{"line":66,"column":8},"end":{"line":66,"column":70}},"14":{"start":{"line":68,"column":8},"end":{"line":68,"column":20}},"15":{"start":{"line":72,"column":13},"end":{"line":72,"column":47}},"16":{"start":{"line":74,"column":0},"end":{"line":74,"column":22}}},"fnMap":{"0":{"name":"(anonymous_0)","decl":{"start":{"line":48,"column":23},"end":{"line":48,"column":24}},"loc":{"start":{"line":48,"column":44},"end":{"line":61,"column":1}},"line":48},"1":{"name":"(anonymous_1)","decl":{"start":{"line":64,"column":37},"end":{"line":64,"column":38}},"loc":{"start":{"line":64,"column":71},"end":{"line":70,"column":1}},"line":64}},"branchMap":{"0":{"loc":{"start":{"line":50,"column":4},"end":{"line":50,"column":52}},"type":"if","locations":[{"start":{"line":50,"column":4},"end":{"line":50,"column":52}},{"start":{},"end":{}}],"line":50}},"s":{"0":8,"1":8,"2":8,"3":8,"4":17,"5":1,"6":16,"7":16,"8":16,"9":16,"10":0,"11":8,"12":14,"13":14,"14":0,"15":8,"16":8},"f":{"0":17,"1":14},"b":{"0":[1,16]},"_coverageSchema":"1a1c01bbd47fc00a2c39e90264f33305004495a9","hash":"e123f240b629e142342cdf4e1307434bb3b84158"}
}
