TN:
SF:app.js
FN:12,(anonymous_0)
FN:20,(anonymous_1)
FN:42,(anonymous_2)
FN:50,(anonymous_3)
FN:58,(anonymous_4)
FN:65,(anonymous_5)
FN:74,(anonymous_6)
FN:83,(anonymous_7)
FNF:8
FNH:7
FNDA:7,(anonymous_0)
FNDA:0,(anonymous_1)
FNDA:18,(anonymous_2)
FNDA:8,(anonymous_3)
FNDA:4,(anonymous_4)
FNDA:1,(anonymous_5)
FNDA:4,(anonymous_6)
FNDA:4,(anonymous_7)
DA:1,7
DA:2,7
DA:3,7
DA:4,7
DA:6,7
DA:7,7
DA:9,7
DA:11,7
DA:13,7
DA:15,0
DA:16,0
DA:21,0
DA:22,0
DA:23,0
DA:27,7
DA:28,7
DA:29,7
DA:30,7
DA:32,7
DA:42,7
DA:43,18
DA:44,12
DA:46,6
DA:50,7
DA:51,8
DA:52,3
DA:54,5
DA:58,7
DA:59,4
DA:60,4
DA:61,4
DA:62,4
DA:65,7
DA:66,1
DA:67,1
DA:68,1
DA:69,1
DA:72,7
DA:73,7
DA:74,7
DA:75,4
DA:76,4
DA:79,7
DA:80,7
DA:81,7
DA:83,7
DA:84,4
DA:87,7
LF:48
LH:43
BRDA:13,0,0,0
BRDA:13,0,1,7
BRDA:43,1,0,12
BRDA:43,1,1,6
BRDA:51,2,0,3
BRDA:51,2,1,5
BRDA:62,3,0,4
BRDA:62,3,1,4
BRDA:69,4,0,1
BRDA:69,4,1,1
BRF:10
BRH:9
end_of_record
TN:
SF:controllers\filmController.js
FN:4,(anonymous_0)
FN:11,(anonymous_1)
FN:15,(anonymous_2)
FN:15,(anonymous_3)
FN:18,(anonymous_4)
FN:77,(anonymous_5)
FN:88,(anonymous_6)
FN:92,(anonymous_7)
FNF:8
FNH:8
FNDA:15,(anonymous_0)
FNDA:15,(anonymous_1)
FNDA:24,(anonymous_2)
FNDA:24,(anonymous_3)
FNDA:7,(anonymous_4)
FNDA:7,(anonymous_5)
FNDA:2,(anonymous_6)
FNDA:3,(anonymous_7)
DA:1,7
DA:2,7
DA:4,7
DA:5,15
DA:6,3
DA:8,12
DA:11,7
DA:12,15
DA:13,5
DA:15,24
DA:18,7
DA:19,7
DA:20,7
DA:67,7
DA:68,6
DA:69,0
DA:75,7
DA:77,7
DA:78,7
DA:79,7
DA:80,6
DA:81,6
DA:83,1
DA:84,1
DA:88,7
DA:89,2
DA:92,7
DA:93,3
DA:94,3
DA:101,3
DA:102,3
DA:104,2
DA:106,1
DA:107,1
DA:113,7
LF:35
LH:34
BRDA:5,0,0,3
BRDA:5,0,1,12
BRDA:5,1,0,15
BRDA:5,1,1,12
BRDA:5,1,2,12
BRDA:12,2,0,5
BRDA:12,2,1,10
BRDA:12,3,0,15
BRDA:12,3,1,10
BRDA:68,4,0,0
BRDA:68,4,1,6
BRDA:80,5,0,6
BRDA:80,5,1,0
BRF:13
BRH:11
end_of_record
TN:
SF:controllers\userController.js
FN:3,(anonymous_0)
FN:64,(anonymous_1)
FN:102,(anonymous_2)
FN:103,(anonymous_3)
FNF:4
FNH:2
FNDA:9,(anonymous_0)
FNDA:14,(anonymous_1)
FNDA:0,(anonymous_2)
FNDA:0,(anonymous_3)
DA:1,7
DA:3,7
DA:4,9
DA:5,9
DA:7,9
DA:8,2
DA:14,7
DA:15,6
DA:16,1
DA:22,5
DA:31,5
DA:35,3
DA:42,3
DA:44,3
DA:45,2
DA:46,2
DA:47,4
DA:50,2
DA:57,1
DA:64,7
DA:65,14
DA:66,14
DA:68,14
DA:69,13
DA:70,1
DA:76,12
DA:77,12
DA:78,2
DA:84,10
DA:92,10
DA:93,10
DA:95,1
DA:102,7
DA:103,0
DA:104,0
DA:105,0
DA:107,0
DA:111,7
LF:38
LH:34
BRDA:7,0,0,2
BRDA:7,0,1,7
BRDA:15,1,0,1
BRDA:15,1,1,5
BRDA:44,2,0,2
BRDA:44,2,1,1
BRDA:69,3,0,1
BRDA:69,3,1,12
BRDA:77,4,0,2
BRDA:77,4,1,10
BRDA:104,5,0,0
BRDA:104,5,1,0
BRF:12
BRH:10
end_of_record
TN:
SF:models\film.js
FN:52,(anonymous_0)
FNF:1
FNH:1
FNDA:6,(anonymous_0)
DA:1,8
DA:3,8
DA:52,8
DA:53,6
DA:54,6
DA:57,8
DA:59,8
LF:7
LH:7
BRF:0
BRH:0
end_of_record
TN:
SF:models\user.js
FN:47,(anonymous_0)
FN:59,(anonymous_1)
FNF:2
FNH:2
FNDA:17,(anonymous_0)
FNDA:16,(anonymous_1)
DA:1,8
DA:2,8
DA:4,8
DA:47,8
DA:48,17
DA:50,16
DA:51,16
DA:52,16
DA:53,16
DA:55,0
DA:59,8
DA:60,16
DA:61,16
DA:63,0
DA:67,8
DA:69,8
LF:16
LH:14
BRDA:48,0,0,1
BRDA:48,0,1,16
BRF:2
BRH:2
end_of_record
