TN:
SF:app.js
FN:12,(anonymous_0)
FN:20,(anonymous_1)
FN:42,(anonymous_2)
FN:50,(anonymous_3)
FN:58,(anonymous_4)
FN:65,(anonymous_5)
FN:74,(anonymous_6)
FN:83,(anonymous_7)
FNF:8
FNH:7
FNDA:6,(anonymous_0)
FNDA:0,(anonymous_1)
FNDA:14,(anonymous_2)
FNDA:6,(anonymous_3)
FNDA:3,(anonymous_4)
FNDA:1,(anonymous_5)
FNDA:4,(anonymous_6)
FNDA:4,(anonymous_7)
DA:1,6
DA:2,6
DA:3,6
DA:4,6
DA:6,6
DA:7,6
DA:9,6
DA:11,6
DA:13,6
DA:15,0
DA:16,0
DA:21,0
DA:22,0
DA:23,0
DA:27,6
DA:28,6
DA:29,6
DA:30,6
DA:32,6
DA:42,6
DA:43,14
DA:44,10
DA:46,4
DA:50,6
DA:51,6
DA:52,2
DA:54,4
DA:58,6
DA:59,3
DA:60,3
DA:61,3
DA:62,3
DA:65,6
DA:66,1
DA:67,1
DA:68,1
DA:69,1
DA:72,6
DA:73,6
DA:74,6
DA:75,4
DA:76,4
DA:79,6
DA:80,6
DA:81,6
DA:83,6
DA:84,4
DA:87,6
LF:48
LH:43
BRDA:13,0,0,0
BRDA:13,0,1,6
BRDA:43,1,0,10
BRDA:43,1,1,4
BRDA:51,2,0,2
BRDA:51,2,1,4
BRDA:62,3,0,3
BRDA:62,3,1,3
BRDA:69,4,0,1
BRDA:69,4,1,1
BRF:10
BRH:9
end_of_record
TN:
SF:controllers\filmController.js
FN:5,(anonymous_0)
FN:67,(anonymous_1)
FN:80,(anonymous_2)
FN:85,(anonymous_3)
FN:89,(anonymous_4)
FN:90,(anonymous_5)
FNF:6
FNH:6
FNDA:6,(anonymous_0)
FNDA:5,(anonymous_1)
FNDA:2,(anonymous_2)
FNDA:3,(anonymous_3)
FNDA:6,(anonymous_4)
FNDA:5,(anonymous_5)
DA:1,6
DA:2,6
DA:5,6
DA:6,6
DA:7,6
DA:55,6
DA:56,5
DA:57,0
DA:64,6
DA:67,6
DA:68,5
DA:69,5
DA:71,4
DA:72,4
DA:74,1
DA:75,1
DA:80,6
DA:81,2
DA:85,6
DA:86,3
DA:87,3
DA:89,6
DA:90,5
DA:93,3
DA:94,3
DA:96,2
DA:98,1
DA:99,1
DA:105,6
LF:29
LH:28
BRDA:56,0,0,0
BRDA:56,0,1,5
BRDA:71,1,0,4
BRDA:71,1,1,0
BRDA:90,2,0,3
BRDA:90,2,1,0
BRF:6
BRH:3
end_of_record
TN:
SF:controllers\userController.js
FN:4,(anonymous_0)
FN:71,(anonymous_1)
FN:113,(anonymous_2)
FN:114,(anonymous_3)
FNF:4
FNH:2
FNDA:9,(anonymous_0)
FNDA:12,(anonymous_1)
FNDA:0,(anonymous_2)
FNDA:0,(anonymous_3)
DA:1,6
DA:4,6
DA:5,9
DA:6,9
DA:9,9
DA:10,2
DA:17,7
DA:18,6
DA:19,1
DA:26,5
DA:35,5
DA:40,3
DA:47,3
DA:50,3
DA:51,2
DA:52,2
DA:53,4
DA:56,2
DA:63,1
DA:71,6
DA:72,12
DA:73,12
DA:76,12
DA:77,11
DA:78,1
DA:85,10
DA:86,10
DA:87,2
DA:94,8
DA:102,8
DA:103,8
DA:105,1
DA:113,6
DA:114,0
DA:115,0
DA:116,0
DA:118,0
DA:122,6
LF:38
LH:34
BRDA:9,0,0,2
BRDA:9,0,1,7
BRDA:18,1,0,1
BRDA:18,1,1,5
BRDA:50,2,0,2
BRDA:50,2,1,1
BRDA:77,3,0,1
BRDA:77,3,1,10
BRDA:86,4,0,2
BRDA:86,4,1,8
BRDA:115,5,0,0
BRDA:115,5,1,0
BRF:12
BRH:10
end_of_record
TN:
SF:models\film.js
FN:52,(anonymous_0)
FNF:1
FNH:1
FNDA:6,(anonymous_0)
DA:1,7
DA:3,7
DA:52,7
DA:53,6
DA:54,6
DA:57,7
DA:59,7
LF:7
LH:7
BRF:0
BRH:0
end_of_record
TN:
SF:models\user.js
FN:48,(anonymous_0)
FN:64,(anonymous_1)
FNF:2
FNH:2
FNDA:17,(anonymous_0)
FNDA:14,(anonymous_1)
DA:1,8
DA:2,8
DA:4,8
DA:48,8
DA:50,17
DA:52,16
DA:54,16
DA:56,16
DA:57,16
DA:59,0
DA:64,8
DA:65,14
DA:66,14
DA:68,0
DA:72,8
DA:74,8
LF:16
LH:14
BRDA:50,0,0,1
BRDA:50,0,1,16
BRF:2
BRH:2
end_of_record
